<?xml version="1.0" encoding="UTF-8"?>
<!-- Generated by org.testng.reporters.JUnitReportReporter -->
<testsuite hostname="DESKTOP-2RIICMC" failures="0" tests="11" name="homePage.myTestcases" time="18.855" errors="0" timestamp="2024-08-21T11:15:30 EET" skipped="0">
  <testcase classname="homePage.myTestcases" name="CheckTheDefaultLangugeIsEnglish" time="0.058"/>
  <system-out/>
  <testcase classname="homePage.myTestcases" name="CheckdefaultCurrency" time="0.061"/>
  <system-out/>
  <testcase classname="homePage.myTestcases" name="CheckContactNumber" time="0.038"/>
  <system-out/>
  <testcase classname="homePage.myTestcases" name="CheckQitagLogo" time="0.079"/>
  <system-out/>
  <testcase classname="homePage.myTestcases" name="TestHotelTabIsNotSelected" time="0.036"/>
  <system-out/>
  <testcase classname="homePage.myTestcases" name="CheckDepatureDate" time="0.054"/>
  <system-out/>
  <testcase classname="homePage.myTestcases" name="RandomlyChangeTheLanguage" time="1.017"/>
  <system-out/>
  <testcase classname="homePage.myTestcases" name="FillHotelTab" time="0.702"/>
  <system-out/>
  <testcase classname="homePage.myTestcases" name="RandomlySelectTheNumberOfVistor" time="5.698"/>
  <system-out/>
  <testcase classname="homePage.myTestcases" name="CheckThePageFullyLoaded" time="10.124"/>
  <system-out/>
  <testcase classname="homePage.myTestcases" name="SortItemsLowestToHighestPrice" time="0.988"/>
  <system-out/>
</testsuite> <!-- homePage.myTestcases -->
